-------------------------------------------------------------------------------
Test set: com.soical.server.service.UserServiceTest
-------------------------------------------------------------------------------
Tests run: 2, Failures: 0, Errors: 2, Skipped: 0, Time elapsed: 13.947 s <<< FAILURE! - in com.soical.server.service.UserServiceTest
testUpdateStatus  Time elapsed: 0.001 s  <<< ERROR!
java.lang.IllegalStateException: Failed to load ApplicationContext
Caused by: org.springframework.beans.factory.BeanCreationException: Error creating bean with name 'createWebSocketContainer' defined in class path resource [com/soical/server/config/WebSocketConfig.class]: Invocation of init method failed; nested exception is java.lang.IllegalStateException: Attribute 'javax.websocket.server.ServerContainer' not found in ServletContext
Caused by: java.lang.IllegalStateException: Attribute 'javax.websocket.server.ServerContainer' not found in ServletContext

testGetUserInfo  Time elapsed: 0 s  <<< ERROR!
java.lang.IllegalStateException: Failed to load ApplicationContext
Caused by: org.springframework.beans.factory.BeanCreationException: Error creating bean with name 'createWebSocketContainer' defined in class path resource [com/soical/server/config/WebSocketConfig.class]: Invocation of init method failed; nested exception is java.lang.IllegalStateException: Attribute 'javax.websocket.server.ServerContainer' not found in ServletContext
Caused by: java.lang.IllegalStateException: Attribute 'javax.websocket.server.ServerContainer' not found in ServletContext

